<?xml version="1.0" encoding="UTF-8"?>
<testng-results skipped="0" failed="0" total="1" passed="1">
  <reporter-output>
  </reporter-output>
  <suite name="Suite" duration-ms="15798" started-at="2018-04-21T10:35:55Z" finished-at="2018-04-21T10:36:11Z">
    <groups>
    </groups>
    <test name="Test2" duration-ms="15798" started-at="2018-04-21T10:35:55Z" finished-at="2018-04-21T10:36:11Z">
      <class name="firstTest.MyTestClass2">
        <test-method status="PASS" signature="setup()[pri:0, instance:firstTest.MyTestClass2@3f2a3a5]" name="setup" is-config="true" duration-ms="4118" started-at="2018-04-21T14:35:55Z" finished-at="2018-04-21T14:36:00Z">
          <reporter-output>
          </reporter-output>
        </test-method> <!-- setup -->
        <test-method status="PASS" signature="firstTest()[pri:0, instance:firstTest.MyTestClass2@3f2a3a5]" name="firstTest" duration-ms="9557" started-at="2018-04-21T14:36:00Z" finished-at="2018-04-21T14:36:09Z">
          <reporter-output>
          </reporter-output>
        </test-method> <!-- firstTest -->
        <test-method status="PASS" signature="tearDown()[pri:0, instance:firstTest.MyTestClass2@3f2a3a5]" name="tearDown" is-config="true" duration-ms="2112" started-at="2018-04-21T14:36:09Z" finished-at="2018-04-21T14:36:11Z">
          <reporter-output>
          </reporter-output>
        </test-method> <!-- tearDown -->
      </class> <!-- firstTest.MyTestClass2 -->
    </test> <!-- Test2 -->
  </suite> <!-- Suite -->
</testng-results>
